[0.070s] DEBUG:colcon:Command line arguments: ['/usr/bin/colcon', 'list', '-p', '--base-paths', '/home/jungwoo/rohang_2024_ws']
[0.070s] DEBUG:colcon:Parsed command line arguments: Namespace(log_base=None, log_level=None, verb_name='list', build_base='build', ignore_user_meta=False, metas=['./colcon.meta'], base_paths=['/home/jungwoo/rohang_2024_ws'], packages_ignore=None, packages_ignore_regex=None, paths=None, packages_up_to=None, packages_up_to_regex=None, packages_above=None, packages_above_and_dependencies=None, packages_above_depth=None, packages_select_by_dep=None, packages_skip_by_dep=None, packages_skip_up_to=None, packages_select_build_failed=False, packages_skip_build_finished=False, packages_select_test_failures=False, packages_skip_test_passed=False, packages_select=None, packages_skip=None, packages_select_regex=None, packages_skip_regex=None, packages_start=None, packages_end=None, allow_overriding=[], topological_order=False, names_only=False, paths_only=True, topological_graph=False, topological_graph_dot=False, topological_graph_density=False, topological_graph_legend=False, topological_graph_dot_cluster=False, topological_graph_dot_include_skipped=False, mixin_files=None, mixin=None, verb_parser=<colcon_mixin.mixin.mixin_argument.MixinArgumentDecorator object at 0x74830b7935e0>, verb_extension=<colcon_package_information.verb.list.ListVerb object at 0x74830b8e00a0>, main=<bound method ListVerb.main of <colcon_package_information.verb.list.ListVerb object at 0x74830b8e00a0>>, mixin_verb=('list',))
[0.097s] Level 1:colcon.colcon_core.package_discovery:discover_packages(colcon_meta) check parameters
[0.097s] Level 1:colcon.colcon_core.package_discovery:discover_packages(recursive) check parameters
[0.097s] Level 1:colcon.colcon_core.package_discovery:discover_packages(ignore) check parameters
[0.097s] Level 1:colcon.colcon_core.package_discovery:discover_packages(path) check parameters
[0.097s] Level 1:colcon.colcon_core.package_discovery:discover_packages(recursive) discover
[0.097s] INFO:colcon.colcon_core.package_discovery:Crawling recursively for packages in '/home/jungwoo/rohang_2024_ws'
[0.097s] Level 1:colcon.colcon_core.package_identification:_identify(/home/jungwoo/rohang_2024_ws) by extensions ['ignore', 'ignore_ament_install']
[0.097s] Level 1:colcon.colcon_core.package_identification:_identify(/home/jungwoo/rohang_2024_ws) by extension 'ignore'
[0.097s] Level 1:colcon.colcon_core.package_identification:_identify(/home/jungwoo/rohang_2024_ws) by extension 'ignore_ament_install'
[0.097s] Level 1:colcon.colcon_core.package_identification:_identify(/home/jungwoo/rohang_2024_ws) by extensions ['colcon_pkg']
[0.097s] Level 1:colcon.colcon_core.package_identification:_identify(/home/jungwoo/rohang_2024_ws) by extension 'colcon_pkg'
[0.097s] Level 1:colcon.colcon_core.package_identification:_identify(/home/jungwoo/rohang_2024_ws) by extensions ['colcon_meta']
[0.097s] Level 1:colcon.colcon_core.package_identification:_identify(/home/jungwoo/rohang_2024_ws) by extension 'colcon_meta'
[0.097s] Level 1:colcon.colcon_core.package_identification:_identify(/home/jungwoo/rohang_2024_ws) by extensions ['ros']
[0.097s] Level 1:colcon.colcon_core.package_identification:_identify(/home/jungwoo/rohang_2024_ws) by extension 'ros'
[0.107s] Level 1:colcon.colcon_core.package_identification:_identify(/home/jungwoo/rohang_2024_ws) by extensions ['cmake', 'python']
[0.108s] Level 1:colcon.colcon_core.package_identification:_identify(/home/jungwoo/rohang_2024_ws) by extension 'cmake'
[0.108s] Level 1:colcon.colcon_core.package_identification:_identify(/home/jungwoo/rohang_2024_ws) by extension 'python'
[0.108s] Level 1:colcon.colcon_core.package_identification:_identify(/home/jungwoo/rohang_2024_ws) by extensions ['python_setup_py']
[0.108s] Level 1:colcon.colcon_core.package_identification:_identify(/home/jungwoo/rohang_2024_ws) by extension 'python_setup_py'
[0.108s] Level 1:colcon.colcon_core.package_identification:_identify(/home/jungwoo/rohang_2024_ws/log) by extensions ['ignore', 'ignore_ament_install']
[0.108s] Level 1:colcon.colcon_core.package_identification:_identify(/home/jungwoo/rohang_2024_ws/log) by extension 'ignore'
[0.108s] Level 1:colcon.colcon_core.package_identification:_identify(/home/jungwoo/rohang_2024_ws/log) ignored
[0.108s] Level 1:colcon.colcon_core.package_identification:_identify(/home/jungwoo/rohang_2024_ws/src) by extensions ['ignore', 'ignore_ament_install']
[0.108s] Level 1:colcon.colcon_core.package_identification:_identify(/home/jungwoo/rohang_2024_ws/src) by extension 'ignore'
[0.108s] Level 1:colcon.colcon_core.package_identification:_identify(/home/jungwoo/rohang_2024_ws/src) by extension 'ignore_ament_install'
[0.108s] Level 1:colcon.colcon_core.package_identification:_identify(/home/jungwoo/rohang_2024_ws/src) by extensions ['colcon_pkg']
[0.108s] Level 1:colcon.colcon_core.package_identification:_identify(/home/jungwoo/rohang_2024_ws/src) by extension 'colcon_pkg'
[0.108s] Level 1:colcon.colcon_core.package_identification:_identify(/home/jungwoo/rohang_2024_ws/src) by extensions ['colcon_meta']
[0.108s] Level 1:colcon.colcon_core.package_identification:_identify(/home/jungwoo/rohang_2024_ws/src) by extension 'colcon_meta'
[0.108s] Level 1:colcon.colcon_core.package_identification:_identify(/home/jungwoo/rohang_2024_ws/src) by extensions ['ros']
[0.108s] Level 1:colcon.colcon_core.package_identification:_identify(/home/jungwoo/rohang_2024_ws/src) by extension 'ros'
[0.108s] Level 1:colcon.colcon_core.package_identification:_identify(/home/jungwoo/rohang_2024_ws/src) by extensions ['cmake', 'python']
[0.108s] Level 1:colcon.colcon_core.package_identification:_identify(/home/jungwoo/rohang_2024_ws/src) by extension 'cmake'
[0.108s] Level 1:colcon.colcon_core.package_identification:_identify(/home/jungwoo/rohang_2024_ws/src) by extension 'python'
[0.108s] Level 1:colcon.colcon_core.package_identification:_identify(/home/jungwoo/rohang_2024_ws/src) by extensions ['python_setup_py']
[0.108s] Level 1:colcon.colcon_core.package_identification:_identify(/home/jungwoo/rohang_2024_ws/src) by extension 'python_setup_py'
[0.108s] Level 1:colcon.colcon_core.package_identification:_identify(/home/jungwoo/rohang_2024_ws/src/ldlidar_stl_ros) by extensions ['ignore', 'ignore_ament_install']
[0.108s] Level 1:colcon.colcon_core.package_identification:_identify(/home/jungwoo/rohang_2024_ws/src/ldlidar_stl_ros) by extension 'ignore'
[0.108s] Level 1:colcon.colcon_core.package_identification:_identify(/home/jungwoo/rohang_2024_ws/src/ldlidar_stl_ros) by extension 'ignore_ament_install'
[0.108s] Level 1:colcon.colcon_core.package_identification:_identify(/home/jungwoo/rohang_2024_ws/src/ldlidar_stl_ros) by extensions ['colcon_pkg']
[0.108s] Level 1:colcon.colcon_core.package_identification:_identify(/home/jungwoo/rohang_2024_ws/src/ldlidar_stl_ros) by extension 'colcon_pkg'
[0.108s] Level 1:colcon.colcon_core.package_identification:_identify(/home/jungwoo/rohang_2024_ws/src/ldlidar_stl_ros) by extensions ['colcon_meta']
[0.108s] Level 1:colcon.colcon_core.package_identification:_identify(/home/jungwoo/rohang_2024_ws/src/ldlidar_stl_ros) by extension 'colcon_meta'
[0.108s] Level 1:colcon.colcon_core.package_identification:_identify(/home/jungwoo/rohang_2024_ws/src/ldlidar_stl_ros) by extensions ['ros']
[0.108s] Level 1:colcon.colcon_core.package_identification:_identify(/home/jungwoo/rohang_2024_ws/src/ldlidar_stl_ros) by extension 'ros'
[0.110s] DEBUG:colcon.colcon_core.package_identification:Package '/home/jungwoo/rohang_2024_ws/src/ldlidar_stl_ros' with type 'ros.catkin' and name 'ldlidar_stl_ros'
[0.111s] Level 1:colcon.colcon_core.package_identification:_identify(/home/jungwoo/rohang_2024_ws/src/leo_rohang24) by extensions ['ignore', 'ignore_ament_install']
[0.111s] Level 1:colcon.colcon_core.package_identification:_identify(/home/jungwoo/rohang_2024_ws/src/leo_rohang24) by extension 'ignore'
[0.111s] Level 1:colcon.colcon_core.package_identification:_identify(/home/jungwoo/rohang_2024_ws/src/leo_rohang24) by extension 'ignore_ament_install'
[0.111s] Level 1:colcon.colcon_core.package_identification:_identify(/home/jungwoo/rohang_2024_ws/src/leo_rohang24) by extensions ['colcon_pkg']
[0.111s] Level 1:colcon.colcon_core.package_identification:_identify(/home/jungwoo/rohang_2024_ws/src/leo_rohang24) by extension 'colcon_pkg'
[0.111s] Level 1:colcon.colcon_core.package_identification:_identify(/home/jungwoo/rohang_2024_ws/src/leo_rohang24) by extensions ['colcon_meta']
[0.111s] Level 1:colcon.colcon_core.package_identification:_identify(/home/jungwoo/rohang_2024_ws/src/leo_rohang24) by extension 'colcon_meta'
[0.111s] Level 1:colcon.colcon_core.package_identification:_identify(/home/jungwoo/rohang_2024_ws/src/leo_rohang24) by extensions ['ros']
[0.111s] Level 1:colcon.colcon_core.package_identification:_identify(/home/jungwoo/rohang_2024_ws/src/leo_rohang24) by extension 'ros'
[0.111s] DEBUG:colcon.colcon_core.package_identification:Package '/home/jungwoo/rohang_2024_ws/src/leo_rohang24' with type 'ros.catkin' and name 'leo_rohang24'
[0.111s] Level 1:colcon.colcon_core.package_identification:_identify(/home/jungwoo/rohang_2024_ws/src/rohang22) by extensions ['ignore', 'ignore_ament_install']
[0.111s] Level 1:colcon.colcon_core.package_identification:_identify(/home/jungwoo/rohang_2024_ws/src/rohang22) by extension 'ignore'
[0.112s] Level 1:colcon.colcon_core.package_identification:_identify(/home/jungwoo/rohang_2024_ws/src/rohang22) by extension 'ignore_ament_install'
[0.112s] Level 1:colcon.colcon_core.package_identification:_identify(/home/jungwoo/rohang_2024_ws/src/rohang22) by extensions ['colcon_pkg']
[0.112s] Level 1:colcon.colcon_core.package_identification:_identify(/home/jungwoo/rohang_2024_ws/src/rohang22) by extension 'colcon_pkg'
[0.112s] Level 1:colcon.colcon_core.package_identification:_identify(/home/jungwoo/rohang_2024_ws/src/rohang22) by extensions ['colcon_meta']
[0.112s] Level 1:colcon.colcon_core.package_identification:_identify(/home/jungwoo/rohang_2024_ws/src/rohang22) by extension 'colcon_meta'
[0.112s] Level 1:colcon.colcon_core.package_identification:_identify(/home/jungwoo/rohang_2024_ws/src/rohang22) by extensions ['ros']
[0.112s] Level 1:colcon.colcon_core.package_identification:_identify(/home/jungwoo/rohang_2024_ws/src/rohang22) by extension 'ros'
[0.112s] DEBUG:colcon.colcon_core.package_identification:Package '/home/jungwoo/rohang_2024_ws/src/rohang22' with type 'ros.catkin' and name 'rohang22'
[0.112s] Level 1:colcon.colcon_core.package_discovery:discover_packages(recursive) using defaults
